  2024-11-01 17:32:36 App\Jobs\AddGiftToUser ................................................................................ RUNNING
  2024-11-01 17:32:36 App\Jobs\AddGiftToUser ........................................................................... 79.47ms FAIL
  2024-11-01 17:32:36 App\Jobs\AddGiftToUser ................................................................................ RUNNING
  2024-11-01 17:32:36 App\Jobs\AddGiftToUser ............................................................................ 8.37ms FAIL
  2024-11-01 17:32:36 App\Jobs\AddGiftToUser ................................................................................ RUNNING
  2024-11-01 17:32:36 App\Jobs\AddGiftToUser ........................................................................... 11.09ms FAIL
  2024-11-01 17:40:02 App\Jobs\AddGiftToUser ................................................................................ RUNNING
  2024-11-01 17:40:02 App\Jobs\AddGiftToUser ........................................................................... 61.91ms FAIL
  2024-11-01 17:40:02 App\Jobs\AddGiftToUser ................................................................................ RUNNING
  2024-11-01 17:40:02 App\Jobs\AddGiftToUser ............................................................................ 3.53ms FAIL
  2024-11-01 17:40:02 App\Jobs\AddGiftToUser ................................................................................ RUNNING
  2024-11-01 17:40:02 App\Jobs\AddGiftToUser ............................................................................ 2.71ms FAIL
  2024-11-01 17:43:09 App\Jobs\AddGiftToUser ................................................................................ RUNNING
  2024-11-01 17:43:09 App\Jobs\AddGiftToUser ............................................................................ 5.00ms FAIL
  2024-11-01 17:43:09 App\Jobs\AddGiftToUser ................................................................................ RUNNING
  2024-11-01 17:43:09 App\Jobs\AddGiftToUser ............................................................................ 3.87ms FAIL
  2024-11-01 17:43:09 App\Jobs\AddGiftToUser ................................................................................ RUNNING
  2024-11-01 17:43:09 App\Jobs\AddGiftToUser ............................................................................ 4.45ms FAIL
  2024-11-01 17:44:39 App\Jobs\AddGiftToUser ................................................................................ RUNNING
  2024-11-01 17:44:39 App\Jobs\AddGiftToUser ............................................................................ 4.24ms FAIL
  2024-11-01 17:44:39 App\Jobs\AddGiftToUser ................................................................................ RUNNING
  2024-11-01 17:44:39 App\Jobs\AddGiftToUser ............................................................................ 3.03ms FAIL
  2024-11-01 17:44:39 App\Jobs\AddGiftToUser ................................................................................ RUNNING
  2024-11-01 17:44:39 App\Jobs\AddGiftToUser ............................................................................ 3.24ms FAIL
  2024-11-01 17:50:57 App\Jobs\AddGiftToUser ................................................................................ RUNNING
  2024-11-01 17:50:57 App\Jobs\AddGiftToUser ........................................................................... 98.28ms DONE
  2024-11-01 18:54:17 App\Jobs\AddGiftToUser ................................................................................ RUNNING
  2024-11-01 18:54:17 App\Jobs\AddGiftToUser .......................................................................... 377.85ms DONE
