  2024-11-01 17:29:59 App\Jobs\AddScore ..................................................................................... RUNNING
  2024-11-01 17:29:59 App\Jobs\AddScore ................................................................................ 57.56ms FAIL
  2024-11-01 17:29:59 App\Jobs\AddScore ..................................................................................... RUNNING
  2024-11-01 17:29:59 App\Jobs\AddScore ................................................................................. 4.49ms FAIL
  2024-11-01 17:29:59 App\Jobs\AddScore ..................................................................................... RUNNING
  2024-11-01 17:29:59 App\Jobs\AddScore ................................................................................. 2.54ms FAIL
  2024-11-01 17:29:59 App\Jobs\AddScore ..................................................................................... RUNNING
  2024-11-01 17:29:59 App\Jobs\AddScore ................................................................................. 3.57ms FAIL
  2024-11-01 17:29:59 App\Jobs\AddScore ..................................................................................... RUNNING
  2024-11-01 17:29:59 App\Jobs\AddScore ................................................................................. 3.83ms FAIL
  2024-11-01 17:29:59 App\Jobs\AddScore ..................................................................................... RUNNING
  2024-11-01 17:29:59 App\Jobs\AddScore ................................................................................. 2.69ms FAIL
  2024-11-01 17:29:59 App\Jobs\AddScore ..................................................................................... RUNNING
  2024-11-01 17:29:59 App\Jobs\AddScore ................................................................................. 2.63ms FAIL
  2024-11-01 17:29:59 App\Jobs\AddScore ..................................................................................... RUNNING
  2024-11-01 17:29:59 App\Jobs\AddScore ................................................................................. 2.87ms FAIL
  2024-11-01 17:29:59 App\Jobs\AddScore ..................................................................................... RUNNING
  2024-11-01 17:29:59 App\Jobs\AddScore ................................................................................. 3.55ms FAIL
  2024-11-01 17:29:59 App\Jobs\AddScore ..................................................................................... RUNNING
  2024-11-01 17:29:59 App\Jobs\AddScore ................................................................................. 3.44ms FAIL
  2024-11-01 17:29:59 App\Jobs\AddScore ..................................................................................... RUNNING
  2024-11-01 17:29:59 App\Jobs\AddScore ................................................................................. 3.23ms FAIL
  2024-11-01 17:29:59 App\Jobs\AddScore ..................................................................................... RUNNING
  2024-11-01 17:29:59 App\Jobs\AddScore ................................................................................. 4.88ms FAIL
  2024-11-01 17:40:02 App\Jobs\AddScore ..................................................................................... RUNNING
  2024-11-01 17:40:02 App\Jobs\AddScore ................................................................................ 59.53ms DONE
  2024-11-01 17:40:02 App\Jobs\AddScore ..................................................................................... RUNNING
  2024-11-01 17:40:02 App\Jobs\AddScore ................................................................................ 11.76ms DONE
  2024-11-01 17:40:02 App\Jobs\AddScore ..................................................................................... RUNNING
  2024-11-01 17:40:02 App\Jobs\AddScore ................................................................................. 5.00ms DONE
  2024-11-01 17:40:02 App\Jobs\AddScore ..................................................................................... RUNNING
  2024-11-01 17:40:02 App\Jobs\AddScore ................................................................................. 6.50ms DONE
  2024-11-01 18:54:17 App\Jobs\AddScore ..................................................................................... RUNNING
  2024-11-01 18:54:17 App\Jobs\AddScore ............................................................................... 292.06ms DONE
  2024-11-01 18:54:17 App\Jobs\AddScore ..................................................................................... RUNNING
  2024-11-01 18:54:17 App\Jobs\AddScore ................................................................................ 40.62ms DONE
  2024-11-01 18:54:17 App\Jobs\AddScore ..................................................................................... RUNNING
  2024-11-01 18:54:17 App\Jobs\AddScore ................................................................................ 23.22ms DONE
  2024-11-01 18:54:17 App\Jobs\AddScore ..................................................................................... RUNNING
  2024-11-01 18:54:17 App\Jobs\AddScore ................................................................................. 8.18ms DONE
  2024-11-02 20:07:10 App\Jobs\AddScore ..................................................................................... RUNNING
  2024-11-02 20:07:11 App\Jobs\AddScore ............................................................................... 208.62ms DONE
  2024-11-02 20:07:11 App\Jobs\AddScore ..................................................................................... RUNNING
  2024-11-02 20:07:11 App\Jobs\AddScore ................................................................................. 8.09ms DONE
  2024-11-02 20:35:44 App\Jobs\AddScore ..................................................................................... RUNNING
  2024-11-02 20:35:44 App\Jobs\AddScore ............................................................................... 127.69ms DONE
  2024-11-02 20:35:44 App\Jobs\AddScore ..................................................................................... RUNNING
  2024-11-02 20:35:44 App\Jobs\AddScore ................................................................................ 53.21ms DONE
  2024-11-05 10:04:19 App\Jobs\AddScore ..................................................................................... RUNNING
  2024-11-05 10:04:19 App\Jobs\AddScore ................................................................................ 91.38ms DONE
  2024-11-05 10:04:19 App\Jobs\AddScore ..................................................................................... RUNNING
  2024-11-05 10:04:19 App\Jobs\AddScore ................................................................................. 7.30ms DONE
  2024-11-05 10:04:19 App\Jobs\AddScore ..................................................................................... RUNNING
  2024-11-05 10:04:19 App\Jobs\AddScore ................................................................................. 7.32ms DONE
  2024-11-05 10:04:19 App\Jobs\AddScore ..................................................................................... RUNNING
  2024-11-05 10:04:19 App\Jobs\AddScore ................................................................................. 7.10ms DONE
