  2024-11-01 17:29:59 App\Jobs\ApplyCoupon .................................................................................. RUNNING
  2024-11-01 17:29:59 App\Jobs\ApplyCoupon ............................................................................ 171.70ms FAIL
  2024-11-01 17:29:59 App\Jobs\ApplyCoupon .................................................................................. RUNNING
  2024-11-01 17:30:00 App\Jobs\ApplyCoupon ............................................................................. 36.90ms FAIL
  2024-11-01 17:30:00 App\Jobs\ApplyCoupon .................................................................................. RUNNING
  2024-11-01 17:30:00 App\Jobs\ApplyCoupon ............................................................................. 28.11ms FAIL
  2024-11-01 17:40:02 App\Jobs\ApplyCoupon .................................................................................. RUNNING
  2024-11-01 17:40:02 App\Jobs\ApplyCoupon ............................................................................. 73.49ms FAIL
  2024-11-01 17:40:02 App\Jobs\ApplyCoupon .................................................................................. RUNNING
  2024-11-01 17:40:02 App\Jobs\ApplyCoupon .............................................................................. 5.94ms FAIL
  2024-11-01 17:40:02 App\Jobs\ApplyCoupon .................................................................................. RUNNING
  2024-11-01 17:40:02 App\Jobs\ApplyCoupon .............................................................................. 5.22ms FAIL
  2024-11-01 17:43:09 App\Jobs\ApplyCoupon .................................................................................. RUNNING
  2024-11-01 17:43:09 App\Jobs\ApplyCoupon .............................................................................. 4.62ms FAIL
  2024-11-01 17:43:09 App\Jobs\ApplyCoupon .................................................................................. RUNNING
  2024-11-01 17:43:09 App\Jobs\ApplyCoupon .............................................................................. 4.01ms FAIL
  2024-11-01 17:43:09 App\Jobs\ApplyCoupon .................................................................................. RUNNING
  2024-11-01 17:43:09 App\Jobs\ApplyCoupon .............................................................................. 4.48ms FAIL
  2024-11-01 17:44:39 App\Jobs\ApplyCoupon .................................................................................. RUNNING
  2024-11-01 17:44:39 App\Jobs\ApplyCoupon .............................................................................. 4.27ms FAIL
  2024-11-01 17:44:39 App\Jobs\ApplyCoupon .................................................................................. RUNNING
  2024-11-01 17:44:39 App\Jobs\ApplyCoupon .............................................................................. 3.95ms FAIL
  2024-11-01 17:44:39 App\Jobs\ApplyCoupon .................................................................................. RUNNING
  2024-11-01 17:44:39 App\Jobs\ApplyCoupon .............................................................................. 3.33ms FAIL
  2024-11-01 17:50:57 App\Jobs\ApplyCoupon .................................................................................. RUNNING
  2024-11-01 17:50:58 App\Jobs\ApplyCoupon ............................................................................ 106.62ms DONE
  2024-11-01 18:54:17 App\Jobs\ApplyCoupon .................................................................................. RUNNING
  2024-11-01 18:54:17 App\Jobs\ApplyCoupon ............................................................................ 401.72ms FAIL
  2024-11-01 18:54:18 App\Jobs\ApplyCoupon .................................................................................. RUNNING
  2024-11-01 18:54:18 App\Jobs\ApplyCoupon ............................................................................. 56.70ms FAIL
  2024-11-01 18:54:18 App\Jobs\ApplyCoupon .................................................................................. RUNNING
  2024-11-01 18:54:18 App\Jobs\ApplyCoupon ............................................................................. 50.25ms FAIL
  2024-11-01 18:58:55 App\Jobs\ApplyCoupon .................................................................................. RUNNING
  2024-11-01 18:58:55 App\Jobs\ApplyCoupon ............................................................................. 21.89ms FAIL
  2024-11-01 18:58:55 App\Jobs\ApplyCoupon .................................................................................. RUNNING
  2024-11-01 18:58:55 App\Jobs\ApplyCoupon .............................................................................. 9.16ms FAIL
  2024-11-01 18:58:55 App\Jobs\ApplyCoupon .................................................................................. RUNNING
  2024-11-01 18:58:55 App\Jobs\ApplyCoupon .............................................................................. 6.42ms FAIL
  2024-11-01 18:59:49 App\Jobs\ApplyCoupon .................................................................................. RUNNING
  2024-11-01 18:59:49 App\Jobs\ApplyCoupon ............................................................................. 90.94ms FAIL
  2024-11-01 18:59:49 App\Jobs\ApplyCoupon .................................................................................. RUNNING
  2024-11-01 18:59:49 App\Jobs\ApplyCoupon .............................................................................. 6.46ms FAIL
  2024-11-01 18:59:49 App\Jobs\ApplyCoupon .................................................................................. RUNNING
  2024-11-01 18:59:49 App\Jobs\ApplyCoupon .............................................................................. 6.39ms FAIL
  2024-11-01 19:01:53 App\Jobs\ApplyCoupon .................................................................................. RUNNING
  2024-11-01 19:01:53 App\Jobs\ApplyCoupon ............................................................................ 124.74ms FAIL
  2024-11-01 19:01:53 App\Jobs\ApplyCoupon .................................................................................. RUNNING
  2024-11-01 19:01:53 App\Jobs\ApplyCoupon ............................................................................ 106.59ms FAIL
  2024-11-01 19:01:53 App\Jobs\ApplyCoupon .................................................................................. RUNNING
  2024-11-01 19:01:53 App\Jobs\ApplyCoupon ............................................................................. 37.63ms FAIL
  2024-11-01 19:03:13 App\Jobs\ApplyCoupon .................................................................................. RUNNING
  2024-11-01 19:03:13 App\Jobs\ApplyCoupon ............................................................................. 88.47ms FAIL
  2024-11-01 19:03:13 App\Jobs\ApplyCoupon .................................................................................. RUNNING
  2024-11-01 19:03:13 App\Jobs\ApplyCoupon .............................................................................. 7.96ms FAIL
  2024-11-01 19:03:13 App\Jobs\ApplyCoupon .................................................................................. RUNNING
  2024-11-01 19:03:13 App\Jobs\ApplyCoupon ............................................................................. 10.47ms FAIL
  2024-11-01 19:05:10 App\Jobs\ApplyCoupon .................................................................................. RUNNING
  2024-11-01 19:05:10 App\Jobs\ApplyCoupon ............................................................................. 55.93ms DONE
