  2024-11-01 15:23:03 App\Jobs\ChargeWallet ................................................................................. RUNNING
  2024-11-01 15:23:03 App\Jobs\ChargeWallet ............................................................................ 10.56ms FAIL
  2024-11-01 15:23:03 App\Jobs\ChargeWallet ................................................................................. RUNNING
  2024-11-01 15:23:03 App\Jobs\ChargeWallet ............................................................................. 6.73ms FAIL
  2024-11-01 15:23:03 App\Jobs\ChargeWallet ................................................................................. RUNNING
  2024-11-01 15:23:03 App\Jobs\ChargeWallet ............................................................................. 4.02ms FAIL
  2024-11-01 15:26:34 App\Jobs\ChargeWallet ................................................................................. RUNNING
  2024-11-01 15:26:34 App\Jobs\ChargeWallet ............................................................................. 5.48ms FAIL
  2024-11-01 15:26:34 App\Jobs\ChargeWallet ................................................................................. RUNNING
  2024-11-01 15:26:34 App\Jobs\ChargeWallet ............................................................................. 8.48ms FAIL
  2024-11-01 15:26:34 App\Jobs\ChargeWallet ................................................................................. RUNNING
  2024-11-01 15:26:34 App\Jobs\ChargeWallet ............................................................................. 7.49ms FAIL
  2024-11-01 15:29:21 App\Jobs\ChargeWallet ................................................................................. RUNNING
  2024-11-01 15:29:21 App\Jobs\ChargeWallet ........................................................................... 114.24ms DONE
  2024-11-01 17:29:59 App\Jobs\ChargeWallet ................................................................................. RUNNING
  2024-11-01 17:30:00 App\Jobs\ChargeWallet ........................................................................... 287.62ms DONE
  2024-11-01 18:54:17 App\Jobs\ChargeWallet ................................................................................. RUNNING
  2024-11-01 18:54:17 App\Jobs\ChargeWallet ........................................................................... 340.91ms DONE
  2024-11-02 20:07:10 App\Jobs\ChargeWallet ................................................................................. RUNNING
  2024-11-02 20:07:11 App\Jobs\ChargeWallet ........................................................................... 207.99ms DONE
  2024-11-02 20:35:44 App\Jobs\ChargeWallet ................................................................................. RUNNING
  2024-11-02 20:35:44 App\Jobs\ChargeWallet ........................................................................... 101.92ms DONE
  2024-11-05 10:04:19 App\Jobs\ChargeWallet ................................................................................. RUNNING
  2024-11-05 10:04:19 App\Jobs\ChargeWallet ............................................................................ 96.57ms DONE
  2024-11-05 10:04:19 App\Jobs\ChargeWallet ................................................................................. RUNNING
  2024-11-05 10:04:19 App\Jobs\ChargeWallet ............................................................................. 9.93ms DONE
